<?xml version="1.0" encoding="UTF-8"?>
<testng-results skipped="0" failed="0" ignored="0" total="3" passed="3">
  <reporter-output>
  </reporter-output>
  <suite name="Default suite" duration-ms="34597" started-at="2020-05-24T07:47:44Z" finished-at="2020-05-24T07:48:18Z">
    <groups>
    </groups>
    <test name="Default test" duration-ms="34597" started-at="2020-05-24T07:47:44Z" finished-at="2020-05-24T07:48:18Z">
      <class name="com.naveen.Data.DataProviderTestcase">
        <test-method status="PASS" signature="setup()[pri:0, instance:com.naveen.Data.DataProviderTestcase@57fffcd7]" name="setup" is-config="true" duration-ms="11374" started-at="2020-05-24T07:47:44Z" finished-at="2020-05-24T07:47:56Z">
          <reporter-output>
          </reporter-output>
        </test-method> <!-- setup -->
        <test-method status="PASS" signature="method2(java.lang.String, java.lang.String)[pri:0, instance:com.naveen.Data.DataProviderTestcase@57fffcd7]" name="method2" duration-ms="1827" started-at="2020-05-24T07:47:56Z" data-provider="getData" finished-at="2020-05-24T07:47:57Z">
          <params>
            <param index="0">
              <value>
                <![CDATA[shiv]]>
              </value>
            </param>
            <param index="1">
              <value>
                <![CDATA[12345.0]]>
              </value>
            </param>
          </params>
          <reporter-output>
          </reporter-output>
        </test-method> <!-- method2 -->
        <test-method status="PASS" signature="setup()[pri:0, instance:com.naveen.Data.DataProviderTestcase@57fffcd7]" name="setup" is-config="true" duration-ms="9094" started-at="2020-05-24T07:47:57Z" finished-at="2020-05-24T07:48:07Z">
          <reporter-output>
          </reporter-output>
        </test-method> <!-- setup -->
        <test-method status="PASS" signature="method2(java.lang.String, java.lang.String)[pri:0, instance:com.naveen.Data.DataProviderTestcase@57fffcd7]" name="method2" duration-ms="1230" started-at="2020-05-24T07:48:07Z" data-provider="getData" finished-at="2020-05-24T07:48:08Z">
          <params>
            <param index="0">
              <value>
                <![CDATA[moni]]>
              </value>
            </param>
            <param index="1">
              <value>
                <![CDATA[45612.0]]>
              </value>
            </param>
          </params>
          <reporter-output>
          </reporter-output>
        </test-method> <!-- method2 -->
        <test-method status="PASS" signature="setup()[pri:0, instance:com.naveen.Data.DataProviderTestcase@57fffcd7]" name="setup" is-config="true" duration-ms="9176" started-at="2020-05-24T07:48:08Z" finished-at="2020-05-24T07:48:17Z">
          <reporter-output>
          </reporter-output>
        </test-method> <!-- setup -->
        <test-method status="PASS" signature="method2(java.lang.String, java.lang.String)[pri:0, instance:com.naveen.Data.DataProviderTestcase@57fffcd7]" name="method2" duration-ms="1457" started-at="2020-05-24T07:48:17Z" data-provider="getData" finished-at="2020-05-24T07:48:18Z">
          <params>
            <param index="0">
              <value>
                <![CDATA[somu]]>
              </value>
            </param>
            <param index="1">
              <value>
                <![CDATA[5646.0]]>
              </value>
            </param>
          </params>
          <reporter-output>
          </reporter-output>
        </test-method> <!-- method2 -->
      </class> <!-- com.naveen.Data.DataProviderTestcase -->
    </test> <!-- Default test -->
  </suite> <!-- Default suite -->
</testng-results>
