<?xml version="1.0" encoding="UTF-8"?>
<!-- Generated by org.testng.reporters.JUnitXMLReporter -->
<testsuite hostname="DESKTOP-C7SRO4S" ignored="0" name="Default test" tests="3" failures="0" timestamp="24 May 2020 07:48:18 GMT" time="34.597" errors="0">
  <testcase name="method2" time="1.827" classname="com.naveen.Data.DataProviderTestcase"/>
  <testcase name="method2" time="1.23" classname="com.naveen.Data.DataProviderTestcase"/>
  <testcase name="method2" time="1.457" classname="com.naveen.Data.DataProviderTestcase"/>
</testsuite> <!-- Default test -->
